-------------------------------------------------------------------------------
Test set: com.tushar.learning.camel.spring_camel_sample.CamelBindyTest
-------------------------------------------------------------------------------
Tests run: 1, Failures: 0, Errors: 1, Skipped: 0, Time elapsed: 0.959 sec <<< FAILURE!
testMock(com.tushar.learning.camel.spring_camel_sample.CamelBindyTest)  Time elapsed: 0.8 sec  <<< ERROR!
org.apache.camel.FailedToCreateRouteException: Failed to create route route1 at: >>> Filter[bean[org.apache.camel.processor.FilterProcessor method:isStudentsNotEmpty] -> [process[Processor@0x6a400542], Marshal[org.apache.camel.model.dataformat.BindyDataFormat@28eaa59a], Split[tokenize{body() using token: 
} -> [Bean[com.tushar.learning.camel.spring_camel_sample.Bean], To[file:C:/outputFolder?fileName=Result.csv&fileExist=Append]]], Filter[bean[org.apache.camel.processor.FilterProcessor method:isTeachersNotEmpty] -> [process[Processor@0x7d8995e], Marshal[org.apache.camel.model.dataformat.BindyDataFormat@130d63be], Split[tokenize{body() using token: 
} -> [Bean[com.tushar.learning.camel.spring_camel_sample.Bean], To[file:C:/outputFolder?fileName=Result.csv&fileExist=Append]]], Log[Split done]]]]] <<< in route: Route(route1)[[From[timer://generateOrders?fixedRate=true&pe... because of org.apache.camel.component.bean.MethodNotFoundException: Static method with name: isTeachersNotEmpty not found on class: org.apache.camel.processor.FilterProcessor
	at org.apache.camel.model.RouteDefinition.addRoutes(RouteDefinition.java:1352)
	at org.apache.camel.model.RouteDefinition.addRoutes(RouteDefinition.java:212)
	at org.apache.camel.impl.DefaultCamelContext.startRoute(DefaultCamelContext.java:1139)
	at org.apache.camel.impl.DefaultCamelContext.startRouteDefinitions(DefaultCamelContext.java:3736)
	at org.apache.camel.impl.DefaultCamelContext.doStartCamel(DefaultCamelContext.java:3439)
	at org.apache.camel.impl.DefaultCamelContext$4.call(DefaultCamelContext.java:3247)
	at org.apache.camel.impl.DefaultCamelContext$4.call(DefaultCamelContext.java:3243)
	at org.apache.camel.impl.DefaultCamelContext.doWithDefinedClassLoader(DefaultCamelContext.java:3266)
	at org.apache.camel.impl.DefaultCamelContext.doStart(DefaultCamelContext.java:3243)
	at org.apache.camel.support.ServiceSupport.start(ServiceSupport.java:72)
	at org.apache.camel.impl.DefaultCamelContext.start(DefaultCamelContext.java:3159)
	at org.apache.camel.test.junit4.CamelTestSupport.startCamelContext(CamelTestSupport.java:760)
	at org.apache.camel.test.junit4.CamelTestSupport.doSetUp(CamelTestSupport.java:392)
	at org.apache.camel.test.junit4.CamelTestSupport.setUp(CamelTestSupport.java:281)
	at sun.reflect.NativeMethodAccessorImpl.invoke0(Native Method)
	at sun.reflect.NativeMethodAccessorImpl.invoke(NativeMethodAccessorImpl.java:62)
	at sun.reflect.DelegatingMethodAccessorImpl.invoke(DelegatingMethodAccessorImpl.java:43)
	at java.lang.reflect.Method.invoke(Method.java:498)
	at org.junit.runners.model.FrameworkMethod$1.runReflectiveCall(FrameworkMethod.java:50)
	at org.junit.internal.runners.model.ReflectiveCallable.run(ReflectiveCallable.java:12)
	at org.junit.runners.model.FrameworkMethod.invokeExplosively(FrameworkMethod.java:47)
	at org.junit.internal.runners.statements.RunBefores.evaluate(RunBefores.java:24)
	at org.junit.internal.runners.statements.RunAfters.evaluate(RunAfters.java:27)
	at org.junit.rules.TestWatcher$1.evaluate(TestWatcher.java:55)
	at org.junit.rules.TestWatcher$1.evaluate(TestWatcher.java:55)
	at org.junit.rules.RunRules.evaluate(RunRules.java:20)
	at org.junit.runners.ParentRunner.runLeaf(ParentRunner.java:325)
	at org.junit.runners.BlockJUnit4ClassRunner.runChild(BlockJUnit4ClassRunner.java:78)
	at org.junit.runners.BlockJUnit4ClassRunner.runChild(BlockJUnit4ClassRunner.java:57)
	at org.junit.runners.ParentRunner$3.run(ParentRunner.java:290)
	at org.junit.runners.ParentRunner$1.schedule(ParentRunner.java:71)
	at org.junit.runners.ParentRunner.runChildren(ParentRunner.java:288)
	at org.junit.runners.ParentRunner.access$000(ParentRunner.java:58)
	at org.junit.runners.ParentRunner$2.evaluate(ParentRunner.java:268)
	at org.junit.runners.ParentRunner.run(ParentRunner.java:363)
	at org.apache.maven.surefire.junit4.JUnit4Provider.execute(JUnit4Provider.java:252)
	at org.apache.maven.surefire.junit4.JUnit4Provider.executeTestSet(JUnit4Provider.java:141)
	at org.apache.maven.surefire.junit4.JUnit4Provider.invoke(JUnit4Provider.java:112)
	at sun.reflect.NativeMethodAccessorImpl.invoke0(Native Method)
	at sun.reflect.NativeMethodAccessorImpl.invoke(NativeMethodAccessorImpl.java:62)
	at sun.reflect.DelegatingMethodAccessorImpl.invoke(DelegatingMethodAccessorImpl.java:43)
	at java.lang.reflect.Method.invoke(Method.java:498)
	at org.apache.maven.surefire.util.ReflectionUtils.invokeMethodWithArray(ReflectionUtils.java:189)
	at org.apache.maven.surefire.booter.ProviderFactory$ProviderProxy.invoke(ProviderFactory.java:165)
	at org.apache.maven.surefire.booter.ProviderFactory.invokeProvider(ProviderFactory.java:85)
	at org.apache.maven.surefire.booter.ForkedBooter.runSuitesInProcess(ForkedBooter.java:115)
	at org.apache.maven.surefire.booter.ForkedBooter.main(ForkedBooter.java:75)
Caused by: org.apache.camel.RuntimeCamelException: org.apache.camel.component.bean.MethodNotFoundException: Static method with name: isTeachersNotEmpty not found on class: org.apache.camel.processor.FilterProcessor
	at org.apache.camel.util.ObjectHelper.wrapRuntimeCamelException(ObjectHelper.java:1826)
	at org.apache.camel.model.language.MethodCallExpression.validateHasMethod(MethodCallExpression.java:253)
	at org.apache.camel.model.language.MethodCallExpression.createExpression(MethodCallExpression.java:204)
	at org.apache.camel.model.language.MethodCallExpression.createPredicate(MethodCallExpression.java:210)
	at org.apache.camel.model.language.ExpressionDefinition.createPredicate(ExpressionDefinition.java:150)
	at org.apache.camel.model.ExpressionNode.createPredicate(ExpressionNode.java:123)
	at org.apache.camel.model.FilterDefinition.createFilterProcessor(FilterDefinition.java:76)
	at org.apache.camel.model.FilterDefinition.createProcessor(FilterDefinition.java:69)
	at org.apache.camel.model.FilterDefinition.createProcessor(FilterDefinition.java:36)
	at org.apache.camel.model.ProcessorDefinition.createProcessor(ProcessorDefinition.java:518)
	at org.apache.camel.model.ProcessorDefinition.createOutputsProcessorImpl(ProcessorDefinition.java:481)
	at org.apache.camel.model.ProcessorDefinition.createOutputsProcessor(ProcessorDefinition.java:448)
	at org.apache.camel.model.ProcessorDefinition.createOutputsProcessor(ProcessorDefinition.java:186)
	at org.apache.camel.model.ProcessorDefinition.createChildProcessor(ProcessorDefinition.java:205)
	at org.apache.camel.model.FilterDefinition.createFilterProcessor(FilterDefinition.java:75)
	at org.apache.camel.model.FilterDefinition.createProcessor(FilterDefinition.java:69)
	at org.apache.camel.model.FilterDefinition.createProcessor(FilterDefinition.java:36)
	at org.apache.camel.model.ProcessorDefinition.makeProcessorImpl(ProcessorDefinition.java:569)
	at org.apache.camel.model.ProcessorDefinition.makeProcessor(ProcessorDefinition.java:530)
	at org.apache.camel.model.ProcessorDefinition.addRoutes(ProcessorDefinition.java:240)
	at org.apache.camel.model.RouteDefinition.addRoutes(RouteDefinition.java:1349)
	... 46 more
Caused by: org.apache.camel.component.bean.MethodNotFoundException: Static method with name: isTeachersNotEmpty not found on class: org.apache.camel.processor.FilterProcessor
	... 66 more

