<?xml version="1.0" encoding="UTF-8" ?>
<testsuite tests="1" failures="0" name="com.tushar.learning.camel.spring_camel_sample.CamelBindyTest" time="0.8" errors="1" skipped="0">
  <properties>
    <property name="java.runtime.name" value="Java(TM) SE Runtime Environment"/>
    <property name="sun.boot.library.path" value="C:\Program Files\Java\jdk1.8.0_121\jre\bin"/>
    <property name="java.vm.version" value="25.121-b13"/>
    <property name="java.vm.vendor" value="Oracle Corporation"/>
    <property name="maven.multiModuleProjectDirectory" value="D:\work\pas\product\ws\gitcodebase\learning\spring\camel\spring-camel-samples\spring-camel-sample"/>
    <property name="java.vendor.url" value="http://java.oracle.com/"/>
    <property name="path.separator" value=";"/>
    <property name="guice.disable.misplaced.annotation.check" value="true"/>
    <property name="java.vm.name" value="Java HotSpot(TM) 64-Bit Server VM"/>
    <property name="file.encoding.pkg" value="sun.io"/>
    <property name="user.script" value=""/>
    <property name="user.country" value="US"/>
    <property name="sun.java.launcher" value="SUN_STANDARD"/>
    <property name="sun.os.patch.level" value=""/>
    <property name="java.vm.specification.name" value="Java Virtual Machine Specification"/>
    <property name="user.dir" value="D:\work\pas\product\ws\gitcodebase\learning\spring\camel\spring-camel-samples\spring-camel-sample"/>
    <property name="java.runtime.version" value="1.8.0_121-b13"/>
    <property name="java.awt.graphicsenv" value="sun.awt.Win32GraphicsEnvironment"/>
    <property name="java.endorsed.dirs" value="C:\Program Files\Java\jdk1.8.0_121\jre\lib\endorsed"/>
    <property name="os.arch" value="amd64"/>
    <property name="java.io.tmpdir" value="C:\Users\tushark\AppData\Local\Temp\"/>
    <property name="line.separator" value="
"/>
    <property name="java.vm.specification.vendor" value="Oracle Corporation"/>
    <property name="user.variant" value=""/>
    <property name="os.name" value="Windows 10"/>
    <property name="classworlds.conf" value="D:\work\pas\product\tools\apache-maven-3.6.3\bin\..\bin\m2.conf"/>
    <property name="sun.jnu.encoding" value="Cp1252"/>
    <property name="java.library.path" value="C:\Program Files\Java\jdk1.8.0_121\bin;C:\Windows\Sun\Java\bin;C:\Windows\system32;C:\Windows;C:\Program Files\Microsoft MPI\Bin\;C:\Program Files (x86)\Common Files\Oracle\Java\javapath;C:\Windows\system32;C:\Windows;C:\Windows\System32\Wbem;C:\Windows\System32\WindowsPowerShell\v1.0\;C:\Windows\System32\OpenSSH\;C:\Program Files\TortoiseSVN\bin;C:\sqldeveloper\jdk\jre\bin;C:\Program Files (x86)\Microsoft SQL Server\150\DTS\Binn\;C:\Program Files\Azure Data Studio\bin;D:\work\pas\product\tools\apache-maven-3.6.3\bin;D:\work\pas\product\server\apache-ant-1.10.9\bin;C:\Program Files\Java\jdk1.8.0_121\bin;D:\work\pas\product\tools\allure-2.7.0\bin;C:\Program Files\Git\cmd;D:\work\pas\product\tools\apache-cassandra-3.9\bin;C:\Program Files (x86)\Microsoft SQL Server\130\Tools\Binn\;C:\Program Files\Microsoft SQL Server\130\Tools\Binn\;C:\Program Files (x86)\Microsoft SQL Server\130\DTS\Binn\;C:\Program Files\Microsoft SQL Server\130\DTS\Binn\;C:\Program Files\Microsoft SQL Server\Client SDK\ODBC\130\Tools\Binn\;C:\Program Files\nodejs\;C:\Users\tushark\AppData\Local\Microsoft\WindowsApps;C:\Program Files\Azure Data Studio\bin;C:\Users\tushark\AppData\Roaming\npm;;."/>
    <property name="maven.conf" value="D:\work\pas\product\tools\apache-maven-3.6.3\bin\../conf"/>
    <property name="java.specification.name" value="Java Platform API Specification"/>
    <property name="java.class.version" value="52.0"/>
    <property name="sun.management.compiler" value="HotSpot 64-Bit Tiered Compilers"/>
    <property name="os.version" value="10.0"/>
    <property name="library.jansi.path" value="D:\work\pas\product\tools\apache-maven-3.6.3\bin\..\lib\jansi-native"/>
    <property name="user.home" value="C:\Users\tushark"/>
    <property name="user.timezone" value="Asia/Calcutta"/>
    <property name="java.awt.printerjob" value="sun.awt.windows.WPrinterJob"/>
    <property name="java.specification.version" value="1.8"/>
    <property name="file.encoding" value="Cp1252"/>
    <property name="user.name" value="tushark"/>
    <property name="java.class.path" value="D:\work\pas\product\tools\apache-maven-3.6.3\bin\..\boot\plexus-classworlds-2.6.0.jar"/>
    <property name="java.vm.specification.version" value="1.8"/>
    <property name="sun.arch.data.model" value="64"/>
    <property name="java.home" value="C:\Program Files\Java\jdk1.8.0_121\jre"/>
    <property name="sun.java.command" value="org.codehaus.plexus.classworlds.launcher.Launcher test"/>
    <property name="java.specification.vendor" value="Oracle Corporation"/>
    <property name="user.language" value="en"/>
    <property name="awt.toolkit" value="sun.awt.windows.WToolkit"/>
    <property name="java.vm.info" value="mixed mode"/>
    <property name="java.version" value="1.8.0_121"/>
    <property name="java.ext.dirs" value="C:\Program Files\Java\jdk1.8.0_121\jre\lib\ext;C:\Windows\Sun\Java\lib\ext"/>
    <property name="sun.boot.class.path" value="C:\Program Files\Java\jdk1.8.0_121\jre\lib\resources.jar;C:\Program Files\Java\jdk1.8.0_121\jre\lib\rt.jar;C:\Program Files\Java\jdk1.8.0_121\jre\lib\sunrsasign.jar;C:\Program Files\Java\jdk1.8.0_121\jre\lib\jsse.jar;C:\Program Files\Java\jdk1.8.0_121\jre\lib\jce.jar;C:\Program Files\Java\jdk1.8.0_121\jre\lib\charsets.jar;C:\Program Files\Java\jdk1.8.0_121\jre\lib\jfr.jar;C:\Program Files\Java\jdk1.8.0_121\jre\classes"/>
    <property name="sun.stderr.encoding" value="cp437"/>
    <property name="java.vendor" value="Oracle Corporation"/>
    <property name="maven.home" value="D:\work\pas\product\tools\apache-maven-3.6.3\bin\.."/>
    <property name="file.separator" value="\"/>
    <property name="java.vendor.url.bug" value="http://bugreport.sun.com/bugreport/"/>
    <property name="sun.cpu.endian" value="little"/>
    <property name="sun.io.unicode.encoding" value="UnicodeLittle"/>
    <property name="sun.stdout.encoding" value="cp437"/>
    <property name="sun.desktop" value="windows"/>
    <property name="sun.cpu.isalist" value="amd64"/>
  </properties>
  <testcase classname="com.tushar.learning.camel.spring_camel_sample.CamelBindyTest" name="testMock" time="0.8">
    <error message="Failed to create route route1 at: &gt;&gt;&gt; Filter[bean[org.apache.camel.processor.FilterProcessor method:isStudentsNotEmpty] -&gt; [process[Processor@0x6a400542], Marshal[org.apache.camel.model.dataformat.BindyDataFormat@28eaa59a], Split[tokenize{body() using token: 
} -&gt; [Bean[com.tushar.learning.camel.spring_camel_sample.Bean], To[file:C:/outputFolder?fileName=Result.csv&amp;fileExist=Append]]], Filter[bean[org.apache.camel.processor.FilterProcessor method:isTeachersNotEmpty] -&gt; [process[Processor@0x7d8995e], Marshal[org.apache.camel.model.dataformat.BindyDataFormat@130d63be], Split[tokenize{body() using token: 
} -&gt; [Bean[com.tushar.learning.camel.spring_camel_sample.Bean], To[file:C:/outputFolder?fileName=Result.csv&amp;fileExist=Append]]], Log[Split done]]]]] &lt;&lt;&lt; in route: Route(route1)[[From[timer://generateOrders?fixedRate=true&amp;pe... because of org.apache.camel.component.bean.MethodNotFoundException: Static method with name: isTeachersNotEmpty not found on class: org.apache.camel.processor.FilterProcessor" type="org.apache.camel.FailedToCreateRouteException">org.apache.camel.FailedToCreateRouteException: Failed to create route route1 at: &gt;&gt;&gt; Filter[bean[org.apache.camel.processor.FilterProcessor method:isStudentsNotEmpty] -&gt; [process[Processor@0x6a400542], Marshal[org.apache.camel.model.dataformat.BindyDataFormat@28eaa59a], Split[tokenize{body() using token: 
} -&gt; [Bean[com.tushar.learning.camel.spring_camel_sample.Bean], To[file:C:/outputFolder?fileName=Result.csv&amp;fileExist=Append]]], Filter[bean[org.apache.camel.processor.FilterProcessor method:isTeachersNotEmpty] -&gt; [process[Processor@0x7d8995e], Marshal[org.apache.camel.model.dataformat.BindyDataFormat@130d63be], Split[tokenize{body() using token: 
} -&gt; [Bean[com.tushar.learning.camel.spring_camel_sample.Bean], To[file:C:/outputFolder?fileName=Result.csv&amp;fileExist=Append]]], Log[Split done]]]]] &lt;&lt;&lt; in route: Route(route1)[[From[timer://generateOrders?fixedRate=true&amp;pe... because of org.apache.camel.component.bean.MethodNotFoundException: Static method with name: isTeachersNotEmpty not found on class: org.apache.camel.processor.FilterProcessor
	at org.apache.camel.model.RouteDefinition.addRoutes(RouteDefinition.java:1352)
	at org.apache.camel.model.RouteDefinition.addRoutes(RouteDefinition.java:212)
	at org.apache.camel.impl.DefaultCamelContext.startRoute(DefaultCamelContext.java:1139)
	at org.apache.camel.impl.DefaultCamelContext.startRouteDefinitions(DefaultCamelContext.java:3736)
	at org.apache.camel.impl.DefaultCamelContext.doStartCamel(DefaultCamelContext.java:3439)
	at org.apache.camel.impl.DefaultCamelContext$4.call(DefaultCamelContext.java:3247)
	at org.apache.camel.impl.DefaultCamelContext$4.call(DefaultCamelContext.java:3243)
	at org.apache.camel.impl.DefaultCamelContext.doWithDefinedClassLoader(DefaultCamelContext.java:3266)
	at org.apache.camel.impl.DefaultCamelContext.doStart(DefaultCamelContext.java:3243)
	at org.apache.camel.support.ServiceSupport.start(ServiceSupport.java:72)
	at org.apache.camel.impl.DefaultCamelContext.start(DefaultCamelContext.java:3159)
	at org.apache.camel.test.junit4.CamelTestSupport.startCamelContext(CamelTestSupport.java:760)
	at org.apache.camel.test.junit4.CamelTestSupport.doSetUp(CamelTestSupport.java:392)
	at org.apache.camel.test.junit4.CamelTestSupport.setUp(CamelTestSupport.java:281)
	at sun.reflect.NativeMethodAccessorImpl.invoke0(Native Method)
	at sun.reflect.NativeMethodAccessorImpl.invoke(NativeMethodAccessorImpl.java:62)
	at sun.reflect.DelegatingMethodAccessorImpl.invoke(DelegatingMethodAccessorImpl.java:43)
	at java.lang.reflect.Method.invoke(Method.java:498)
	at org.junit.runners.model.FrameworkMethod$1.runReflectiveCall(FrameworkMethod.java:50)
	at org.junit.internal.runners.model.ReflectiveCallable.run(ReflectiveCallable.java:12)
	at org.junit.runners.model.FrameworkMethod.invokeExplosively(FrameworkMethod.java:47)
	at org.junit.internal.runners.statements.RunBefores.evaluate(RunBefores.java:24)
	at org.junit.internal.runners.statements.RunAfters.evaluate(RunAfters.java:27)
	at org.junit.rules.TestWatcher$1.evaluate(TestWatcher.java:55)
	at org.junit.rules.TestWatcher$1.evaluate(TestWatcher.java:55)
	at org.junit.rules.RunRules.evaluate(RunRules.java:20)
	at org.junit.runners.ParentRunner.runLeaf(ParentRunner.java:325)
	at org.junit.runners.BlockJUnit4ClassRunner.runChild(BlockJUnit4ClassRunner.java:78)
	at org.junit.runners.BlockJUnit4ClassRunner.runChild(BlockJUnit4ClassRunner.java:57)
	at org.junit.runners.ParentRunner$3.run(ParentRunner.java:290)
	at org.junit.runners.ParentRunner$1.schedule(ParentRunner.java:71)
	at org.junit.runners.ParentRunner.runChildren(ParentRunner.java:288)
	at org.junit.runners.ParentRunner.access$000(ParentRunner.java:58)
	at org.junit.runners.ParentRunner$2.evaluate(ParentRunner.java:268)
	at org.junit.runners.ParentRunner.run(ParentRunner.java:363)
	at org.apache.maven.surefire.junit4.JUnit4Provider.execute(JUnit4Provider.java:252)
	at org.apache.maven.surefire.junit4.JUnit4Provider.executeTestSet(JUnit4Provider.java:141)
	at org.apache.maven.surefire.junit4.JUnit4Provider.invoke(JUnit4Provider.java:112)
	at sun.reflect.NativeMethodAccessorImpl.invoke0(Native Method)
	at sun.reflect.NativeMethodAccessorImpl.invoke(NativeMethodAccessorImpl.java:62)
	at sun.reflect.DelegatingMethodAccessorImpl.invoke(DelegatingMethodAccessorImpl.java:43)
	at java.lang.reflect.Method.invoke(Method.java:498)
	at org.apache.maven.surefire.util.ReflectionUtils.invokeMethodWithArray(ReflectionUtils.java:189)
	at org.apache.maven.surefire.booter.ProviderFactory$ProviderProxy.invoke(ProviderFactory.java:165)
	at org.apache.maven.surefire.booter.ProviderFactory.invokeProvider(ProviderFactory.java:85)
	at org.apache.maven.surefire.booter.ForkedBooter.runSuitesInProcess(ForkedBooter.java:115)
	at org.apache.maven.surefire.booter.ForkedBooter.main(ForkedBooter.java:75)
Caused by: org.apache.camel.RuntimeCamelException: org.apache.camel.component.bean.MethodNotFoundException: Static method with name: isTeachersNotEmpty not found on class: org.apache.camel.processor.FilterProcessor
	at org.apache.camel.util.ObjectHelper.wrapRuntimeCamelException(ObjectHelper.java:1826)
	at org.apache.camel.model.language.MethodCallExpression.validateHasMethod(MethodCallExpression.java:253)
	at org.apache.camel.model.language.MethodCallExpression.createExpression(MethodCallExpression.java:204)
	at org.apache.camel.model.language.MethodCallExpression.createPredicate(MethodCallExpression.java:210)
	at org.apache.camel.model.language.ExpressionDefinition.createPredicate(ExpressionDefinition.java:150)
	at org.apache.camel.model.ExpressionNode.createPredicate(ExpressionNode.java:123)
	at org.apache.camel.model.FilterDefinition.createFilterProcessor(FilterDefinition.java:76)
	at org.apache.camel.model.FilterDefinition.createProcessor(FilterDefinition.java:69)
	at org.apache.camel.model.FilterDefinition.createProcessor(FilterDefinition.java:36)
	at org.apache.camel.model.ProcessorDefinition.createProcessor(ProcessorDefinition.java:518)
	at org.apache.camel.model.ProcessorDefinition.createOutputsProcessorImpl(ProcessorDefinition.java:481)
	at org.apache.camel.model.ProcessorDefinition.createOutputsProcessor(ProcessorDefinition.java:448)
	at org.apache.camel.model.ProcessorDefinition.createOutputsProcessor(ProcessorDefinition.java:186)
	at org.apache.camel.model.ProcessorDefinition.createChildProcessor(ProcessorDefinition.java:205)
	at org.apache.camel.model.FilterDefinition.createFilterProcessor(FilterDefinition.java:75)
	at org.apache.camel.model.FilterDefinition.createProcessor(FilterDefinition.java:69)
	at org.apache.camel.model.FilterDefinition.createProcessor(FilterDefinition.java:36)
	at org.apache.camel.model.ProcessorDefinition.makeProcessorImpl(ProcessorDefinition.java:569)
	at org.apache.camel.model.ProcessorDefinition.makeProcessor(ProcessorDefinition.java:530)
	at org.apache.camel.model.ProcessorDefinition.addRoutes(ProcessorDefinition.java:240)
	at org.apache.camel.model.RouteDefinition.addRoutes(RouteDefinition.java:1349)
	... 46 more
Caused by: org.apache.camel.component.bean.MethodNotFoundException: Static method with name: isTeachersNotEmpty not found on class: org.apache.camel.processor.FilterProcessor
	... 66 more
</error>
    <system-err>log4j:WARN No appenders could be found for logger (com.tushar.learning.camel.spring_camel_sample.CamelBindyTest).
log4j:WARN Please initialize the log4j system properly.
log4j:WARN See http://logging.apache.org/log4j/1.2/faq.html#noconfig for more info.
</system-err>
  </testcase>
</testsuite>